<?xml version="1.0" encoding="UTF-8" standalone="no" ?>
<coverage branch-rate="NaN" branches-covered="NaN" branches-valid="NaN" complexity="NaN" line-rate="0.4127" lines-covered="26" lines-valid="63" timestamp="1636141962.6028" version="">
  <sources>
    <source>/home/runner/work/TFGRaul/TFGRaul/funciones/</source>
  </sources>
  <packages>
    <package branch-rate="NaN" complexity="NaN" line-rate="0.4127" name="">
      <classes>
        <class branch-rate="NaN" complexity="NaN" filename="CAFAnalysis.m" line-rate="1" name="CAFAnalysis">
          <methods/>
          <lines>
            <line hits="1" number="5"/>
            <line hits="1" number="6"/>
            <line hits="1" number="8"/>
            <line hits="1000" number="9"/>
            <line hits="1000" number="10"/>
            <line hits="1000" number="11"/>
            <line hits="1000" number="12"/>
            <line hits="1" number="16"/>
            <line hits="1" number="18"/>
            <line hits="1" number="19"/>
            <line hits="1" number="20"/>
            <line hits="1" number="21"/>
            <line hits="1" number="22"/>
            <line hits="1" number="23"/>
          </lines>
        </class>
        <class branch-rate="NaN" complexity="NaN" filename="OFDMModV2.m" line-rate="0" name="OFDMModV2">
          <methods/>
          <lines>
            <line hits="0" number="5"/>
            <line hits="0" number="6"/>
            <line hits="0" number="7"/>
            <line hits="0" number="8"/>
            <line hits="0" number="12"/>
            <line hits="0" number="13"/>
            <line hits="0" number="14"/>
            <line hits="0" number="15"/>
            <line hits="0" number="20"/>
            <line hits="0" number="22"/>
            <line hits="0" number="23"/>
            <line hits="0" number="26"/>
            <line hits="0" number="29"/>
            <line hits="0" number="30"/>
            <line hits="0" number="34"/>
            <line hits="0" number="40"/>
            <line hits="0" number="45"/>
            <line hits="0" number="47"/>
            <line hits="0" number="49"/>
            <line hits="0" number="50"/>
            <line hits="0" number="52"/>
            <line hits="0" number="55"/>
            <line hits="0" number="58"/>
            <line hits="0" number="60"/>
            <line hits="0" number="65"/>
            <line hits="0" number="66"/>
            <line hits="0" number="67"/>
            <line hits="0" number="69"/>
          </lines>
        </class>
        <class branch-rate="NaN" complexity="NaN" filename="getFilter.m" line-rate="1" name="getFilter">
          <methods/>
          <lines>
            <line hits="6" number="3"/>
            <line hits="6" number="6"/>
            <line hits="6" number="7"/>
            <line hits="6" number="8"/>
          </lines>
        </class>
        <class branch-rate="NaN" complexity="NaN" filename="interpolacion.m" line-rate="1" name="interpolacion">
          <methods/>
          <lines>
            <line hits="5" number="2"/>
            <line hits="5" number="3"/>
            <line hits="4" number="4"/>
            <line hits="40000" number="5"/>
            <line hits="40000" number="6"/>
            <line hits="4" number="8"/>
            <line hits="1" number="9"/>
            <line hits="1" number="10"/>
          </lines>
        </class>
        <class branch-rate="NaN" complexity="NaN" filename="plotElement.m" line-rate="0" name="plotElement">
          <methods/>
          <lines>
            <line hits="0" number="3"/>
            <line hits="0" number="4"/>
            <line hits="0" number="5"/>
            <line hits="0" number="6"/>
            <line hits="0" number="7"/>
            <line hits="0" number="8"/>
            <line hits="0" number="10"/>
          </lines>
        </class>
        <class branch-rate="NaN" complexity="NaN" filename="testCAF.m" line-rate="0" name="testCAF">
          <methods/>
          <lines>
            <line hits="0" number="6"/>
            <line hits="0" number="9"/>
          </lines>
        </class>
      </classes>
    </package>
  </packages>
</coverage>
